<?xml version="1.0" encoding="UTF-8"?>
<!-- Generated by org.testng.reporters.JUnitReportReporter -->
<testsuite hostname="BINTERNS-QA11L" failures="0" tests="2" name="TestNG2.test2" time="0.004" errors="0" timestamp="2023-03-06T10:43:48 IST" skipped="0">
  <testcase classname="TestNG2.test2" name="search" time="0.003"/>
  <system-out/>
  <testcase classname="TestNG2.test2" name="Advsearch" time="0.001"/>
  <system-out/>
</testsuite> <!-- TestNG2.test2 -->
