<?xml version="1.0" encoding="UTF-8"?>
<!-- Generated by org.testng.reporters.JUnitReportReporter -->
<testsuite hostname="BINTERNS-QA11L" failures="0" tests="3" name="TestNG2.demo.test9" time="0.014" errors="0" timestamp="2023-03-06T15:39:53 IST" skipped="0">
  <testcase classname="TestNG2.demo.test9" name="loginByTwitter" time="0.001"/>
  <system-out/>
  <testcase classname="TestNG2.demo.test9" name="loginByEmail" time="0.012"/>
  <system-out/>
  <testcase classname="TestNG2.demo.test9" name="loginByFacebook" time="0.001"/>
  <system-out/>
</testsuite> <!-- TestNG2.demo.test9 -->
