<?xml version="1.0" encoding="UTF-8"?>
<!-- Generated by org.testng.reporters.JUnitReportReporter -->
<testsuite hostname="BINTERNS-QA11L" failures="0" tests="1" name="TestNG2.test1" time="0.011" errors="0" timestamp="2023-03-06T10:39:05 IST" skipped="0">
  <testcase classname="TestNG2.test1" name="login" time="0.011"/>
  <system-out/>
</testsuite> <!-- TestNG2.test1 -->
