<?xml version="1.0" encoding="UTF-8"?>
<!-- Generated by org.testng.reporters.JUnitReportReporter -->
<testsuite hostname="BINTERNS-QA11L" failures="0" tests="1" name="TestNG2.demo.test4" time="0.000" errors="0" timestamp="2023-03-06T11:00:16 IST" skipped="0">
  <testcase classname="TestNG2.demo.test4" name="xyz" time="0.000"/>
  <system-out/>
</testsuite> <!-- TestNG2.demo.test4 -->
