<?xml version="1.0" encoding="UTF-8"?>
<!-- Generated by org.testng.reporters.JUnitReportReporter -->
<testsuite hostname="BINTERNS-QA11L" failures="0" tests="10" name="TestNG2.demo.test11" time="0.023" errors="0" timestamp="2023-03-07T10:21:54 IST" skipped="0">
  <testcase classname="TestNG2.demo.test11" name="test" time="0.001"/>
  <system-out/>
  <testcase classname="TestNG2.demo.test11" name="test" time="0.001"/>
  <system-out/>
  <testcase classname="TestNG2.demo.test11" name="test" time="0.002"/>
  <system-out/>
  <testcase classname="TestNG2.demo.test11" name="test" time="0.003"/>
  <system-out/>
  <testcase classname="TestNG2.demo.test11" name="test" time="0.001"/>
  <system-out/>
  <testcase classname="TestNG2.demo.test11" name="test" time="0.011"/>
  <system-out/>
  <testcase classname="TestNG2.demo.test11" name="test" time="0.001"/>
  <system-out/>
  <testcase classname="TestNG2.demo.test11" name="test" time="0.001"/>
  <system-out/>
  <testcase classname="TestNG2.demo.test11" name="test" time="0.001"/>
  <system-out/>
  <testcase classname="TestNG2.demo.test11" name="test" time="0.001"/>
  <system-out/>
</testsuite> <!-- TestNG2.demo.test11 -->
