<?xml version="1.0" encoding="UTF-8"?>
<!-- Generated by org.testng.reporters.JUnitReportReporter -->
<testsuite hostname="BINTERNS-QA11L" failures="0" tests="3" name="TestNG.NewTest" time="19.438" errors="0" timestamp="2023-03-07T16:21:15 IST" skipped="0">
  <testcase classname="TestNG.NewTest" name="openapp" time="12.677"/>
  <system-out/>
  <testcase classname="TestNG.NewTest" name="login" time="3.615"/>
  <system-out/>
  <testcase classname="TestNG.NewTest" name="closeapp" time="3.146"/>
  <system-out/>
</testsuite> <!-- TestNG.NewTest -->
