<?xml version="1.0" encoding="UTF-8"?>
<!-- Generated by org.testng.reporters.JUnitReportReporter -->
<testsuite hostname="BINTERNS-QA11L" failures="0" tests="1" name="TestNG2.demo.test3" time="0.004" errors="0" timestamp="2023-03-06T11:00:16 IST" skipped="0">
  <testcase classname="TestNG2.demo.test3" name="abc" time="0.004"/>
  <system-out/>
</testsuite> <!-- TestNG2.demo.test3 -->
