<?xml version="1.0" encoding="UTF-8"?>
<!-- Generated by org.testng.reporters.JUnitReportReporter -->
<testsuite hostname="BINTERNS-QA11L" failures="0" tests="3" name="TestNG.NewTest" time="14.470" errors="0" timestamp="2023-03-07T16:16:10 IST" skipped="0">
  <testcase classname="TestNG.NewTest" name="openapp" time="8.065"/>
  <system-out/>
  <testcase classname="TestNG.NewTest" name="login" time="3.254"/>
  <system-out/>
  <testcase classname="TestNG.NewTest" name="closeapp" time="3.151"/>
  <system-out/>
</testsuite> <!-- TestNG.NewTest -->
